Determining if the pthread_create exist failed with the following output:
Change Dir: /home/michaelz/Desktop/projects/courses/22L/chess/build/CMakeFiles/CMakeTmp

Run Build Command:"/usr/bin/make" "cmTC_ca852/fast"
/usr/bin/make -f CMakeFiles/cmTC_ca852.dir/build.make CMakeFiles/cmTC_ca852.dir/build
make[1]: Entering directory '/home/michaelz/Desktop/projects/courses/22L/chess/build/CMakeFiles/CMakeTmp'
Building C object CMakeFiles/cmTC_ca852.dir/CheckSymbolExists.c.o
/usr/bin/gcc-5     -o CMakeFiles/cmTC_ca852.dir/CheckSymbolExists.c.o   -c /home/michaelz/Desktop/projects/courses/22L/chess/build/CMakeFiles/CMakeTmp/CheckSymbolExists.c
Linking C executable cmTC_ca852
/usr/bin/cmake -E cmake_link_script CMakeFiles/cmTC_ca852.dir/link.txt --verbose=1
/usr/bin/gcc-5       CMakeFiles/cmTC_ca852.dir/CheckSymbolExists.c.o  -o cmTC_ca852 -rdynamic 
CMakeFiles/cmTC_ca852.dir/CheckSymbolExists.c.o: In function `main':
CheckSymbolExists.c:(.text+0x16): undefined reference to `pthread_create'
collect2: error: ld returned 1 exit status
CMakeFiles/cmTC_ca852.dir/build.make:97: recipe for target 'cmTC_ca852' failed
make[1]: *** [cmTC_ca852] Error 1
make[1]: Leaving directory '/home/michaelz/Desktop/projects/courses/22L/chess/build/CMakeFiles/CMakeTmp'
Makefile:126: recipe for target 'cmTC_ca852/fast' failed
make: *** [cmTC_ca852/fast] Error 2

File /home/michaelz/Desktop/projects/courses/22L/chess/build/CMakeFiles/CMakeTmp/CheckSymbolExists.c:
/* */
#include <pthread.h>

int main(int argc, char** argv)
{
  (void)argv;
#ifndef pthread_create
  return ((int*)(&pthread_create))[argc];
#else
  (void)argc;
  return 0;
#endif
}

Determining if the function pthread_create exists in the pthreads failed with the following output:
Change Dir: /home/michaelz/Desktop/projects/courses/22L/chess/build/CMakeFiles/CMakeTmp

Run Build Command:"/usr/bin/make" "cmTC_83758/fast"
/usr/bin/make -f CMakeFiles/cmTC_83758.dir/build.make CMakeFiles/cmTC_83758.dir/build
make[1]: Entering directory '/home/michaelz/Desktop/projects/courses/22L/chess/build/CMakeFiles/CMakeTmp'
Building C object CMakeFiles/cmTC_83758.dir/CheckFunctionExists.c.o
/usr/bin/gcc-5    -DCHECK_FUNCTION_EXISTS=pthread_create   -o CMakeFiles/cmTC_83758.dir/CheckFunctionExists.c.o   -c /usr/share/cmake-3.5/Modules/CheckFunctionExists.c
Linking C executable cmTC_83758
/usr/bin/cmake -E cmake_link_script CMakeFiles/cmTC_83758.dir/link.txt --verbose=1
/usr/bin/gcc-5   -DCHECK_FUNCTION_EXISTS=pthread_create    CMakeFiles/cmTC_83758.dir/CheckFunctionExists.c.o  -o cmTC_83758 -rdynamic -lpthreads 
/usr/bin/ld: cannot find -lpthreads
collect2: error: ld returned 1 exit status
CMakeFiles/cmTC_83758.dir/build.make:97: recipe for target 'cmTC_83758' failed
make[1]: *** [cmTC_83758] Error 1
make[1]: Leaving directory '/home/michaelz/Desktop/projects/courses/22L/chess/build/CMakeFiles/CMakeTmp'
Makefile:126: recipe for target 'cmTC_83758/fast' failed
make: *** [cmTC_83758/fast] Error 2


